<?xml version="1.0" encoding="utf-8"?><testsuites name="pytest tests"><testsuite name="pytest" errors="0" failures="1" skipped="0" tests="13" time="20.992" timestamp="2026-03-21T14:12:43.355542+00:00" hostname="agent-env-0984fe7d-9941-45bf-abd3-1f88857fbc9a"><testcase classname="backend.tests.test_draft_applications.TestAuthSetup" name="test_register_user" time="1.363"><failure message="AssertionError: Unexpected status: 200&#10;assert 200 in [201, 400]&#10; +  where 200 = &lt;Response [200]&gt;.status_code">backend/tests/test_draft_applications.py:35: in test_register_user
    assert response.status_code in [201, 400], f"Unexpected status: {response.status_code}"
E   AssertionError: Unexpected status: 200
E   assert 200 in [201, 400]
E    +  where 200 = &lt;Response [200]&gt;.status_code</failure></testcase><testcase classname="backend.tests.test_draft_applications.TestAuthSetup" name="test_login_user" time="0.976" /><testcase classname="backend.tests.test_draft_applications.TestDraftEndpoints" name="test_save_draft_creates_new" time="2.379" /><testcase classname="backend.tests.test_draft_applications.TestDraftEndpoints" name="test_get_draft_returns_saved_data" time="1.344" /><testcase classname="backend.tests.test_draft_applications.TestDraftEndpoints" name="test_draft_email_auto_populated" time="1.326" /><testcase classname="backend.tests.test_draft_applications.TestDraftEndpoints" name="test_draft_upsert_updates_existing" time="1.334" /><testcase classname="backend.tests.test_draft_applications.TestMyApplicationsEndpoint" name="test_get_my_applications_returns_list" time="2.506" /><testcase classname="backend.tests.test_draft_applications.TestMyApplicationsEndpoint" name="test_my_applications_includes_drafts" time="1.372" /><testcase classname="backend.tests.test_draft_applications.TestMyApplicationsEndpoint" name="test_my_applications_has_required_fields" time="0.749" /><testcase classname="backend.tests.test_draft_applications.TestDeleteDraft" name="test_delete_draft_success" time="4.248" /><testcase classname="backend.tests.test_draft_applications.TestDeleteDraft" name="test_delete_nonexistent_draft_returns_404" time="0.662" /><testcase classname="backend.tests.test_draft_applications.TestUnauthorizedAccess" name="test_draft_requires_auth" time="1.582" /><testcase classname="backend.tests.test_draft_applications.TestUnauthorizedAccess" name="test_my_applications_requires_auth" time="0.742" /></testsuite></testsuites>